<?xml version="1.0" encoding="UTF-8"?>
<!-- Generated by org.testng.reporters.JUnitXMLReporter -->
<testsuite hostname="IN5CD8052Q0G" ignored="0" name="ChromeTest" tests="4" failures="0" timestamp="04 Feb 2019 17:29:32 GMT" time="2.596" errors="0">
  <testcase name="e" time="0.007" classname="mobile.TestEmulator"/>
  <testcase name="f" time="0.007" classname="mobile.TestEmulator"/>
  <testcase name="g" time="0.002" classname="mobile.TestEmulator"/>
  <testcase name="h" time="0.002" classname="mobile.TestEmulator"/>
</testsuite> <!-- ChromeTest -->
