<?xml version="1.0" encoding="UTF-8"?>
<!-- Generated by org.testng.reporters.JUnitXMLReporter -->
<testsuite hostname="IN5CD8052Q0G" ignored="0" name="ChromeTest" tests="6" failures="0" timestamp="13 Apr 2019 06:08:24 GMT" time="108.151" errors="0">
  <testcase name="testDisplayText" time="8.246" classname="mobile.TestEmulator"/>
  <testcase name="testLabel" time="0.078" classname="mobile.TestEmulator"/>
  <testcase name="testRegistration" time="0.21" classname="mobile.TestEmulator"/>
  <testcase name="testToast" time="0.0" classname="mobile.TestEmulator"/>
  <testcase name="testWaitingProgressBar" time="66.892" classname="mobile.TestEmulator"/>
  <testcase name="testWebView" time="0.0" classname="mobile.TestEmulator"/>
</testsuite> <!-- ChromeTest -->
