<?xml version="1.0" encoding="UTF-8"?>
<testng-results skipped="0" failed="0" ignored="0" total="4" passed="4">
  <reporter-output>
  </reporter-output>
  <suite name="Suite" duration-ms="2596" started-at="2019-02-04T17:29:30Z" finished-at="2019-02-04T17:29:32Z">
    <groups>
    </groups>
    <test name="ChromeTest" duration-ms="2596" started-at="2019-02-04T17:29:30Z" finished-at="2019-02-04T17:29:32Z">
      <class name="mobile.TestEmulator">
        <test-method status="PASS" signature="Setup()[pri:0, instance:mobile.TestEmulator@553f17c]" name="Setup" is-config="true" duration-ms="2534" started-at="2019-02-04T17:29:30Z" finished-at="2019-02-04T17:29:32Z">
          <reporter-output>
          </reporter-output>
        </test-method> <!-- Setup -->
        <test-method status="PASS" signature="e()[pri:0, instance:mobile.TestEmulator@553f17c]" name="e" duration-ms="7" started-at="2019-02-04T17:29:32Z" finished-at="2019-02-04T17:29:32Z">
          <reporter-output>
          </reporter-output>
        </test-method> <!-- e -->
        <test-method status="PASS" signature="f()[pri:0, instance:mobile.TestEmulator@553f17c]" name="f" duration-ms="7" started-at="2019-02-04T17:29:32Z" finished-at="2019-02-04T17:29:32Z">
          <reporter-output>
          </reporter-output>
        </test-method> <!-- f -->
        <test-method status="PASS" signature="g()[pri:0, instance:mobile.TestEmulator@553f17c]" name="g" duration-ms="2" started-at="2019-02-04T17:29:32Z" finished-at="2019-02-04T17:29:32Z">
          <reporter-output>
          </reporter-output>
        </test-method> <!-- g -->
        <test-method status="PASS" signature="h()[pri:0, instance:mobile.TestEmulator@553f17c]" name="h" duration-ms="2" started-at="2019-02-04T17:29:32Z" finished-at="2019-02-04T17:29:32Z">
          <reporter-output>
          </reporter-output>
        </test-method> <!-- h -->
      </class> <!-- mobile.TestEmulator -->
    </test> <!-- ChromeTest -->
  </suite> <!-- Suite -->
</testng-results>
